2024-07-15 21:09:26,376 [INFO ]  user ia able to see the element on DOM with xpath //a[contains(.,'Sign up')]
2024-07-15 21:09:27,066 [INFO ]  user is able to  click on xpath //a[contains(.,'Sign up')] 
2024-07-15 21:09:28,786 [INFO ]  user is able to enter text in xpath //input[@id='sign-username'] 
2024-07-15 21:09:29,675 [INFO ]  user is able to enter text in xpath //input[@id='sign-password'] 
2024-07-15 21:09:30,465 [INFO ]  user is able to  click on xpath //button[normalize-space()='Sign up'] 
2024-07-15 21:09:33,495 [INFO ]  user is able to get text This user already exist. from alert
2024-07-15 21:09:35,505 [INFO ]  user is able to get text This user already exist. from alert
2024-07-15 21:09:35,515 [INFO ]  user is abe to verify text This user already exist. form alert
2024-07-15 21:09:35,523 [INFO ]  User is able to accept alert popup
2024-07-15 21:09:41,951 [INFO ]  user ia able to see the element on DOM with xpath //a[contains(.,'Sign up')]
2024-07-15 21:09:42,679 [INFO ]  user is able to  click on xpath //a[contains(.,'Sign up')] 
2024-07-15 21:09:44,459 [INFO ]  user is able to enter text in xpath //input[@id='sign-username'] 
2024-07-15 21:09:45,545 [INFO ]  user is able to enter text in xpath //input[@id='sign-password'] 
2024-07-15 21:09:46,171 [INFO ]  user is able to  click on xpath //button[normalize-space()='Sign up'] 
2024-07-15 21:09:49,189 [INFO ]  user is able to get text Sign up successful. from alert
2024-07-15 21:09:49,192 [INFO ]  user is abe to verify text Sign up successful. form alert
2024-07-15 21:09:49,200 [INFO ]  User is able to accept alert popup
2024-07-15 21:09:49,810 [INFO ]  user ia able to see the element on DOM with xpath //a[contains(.,'Log in')]
2024-07-15 21:09:50,475 [INFO ]  user is able to  click on xpath //a[contains(.,'Log in')] 
2024-07-15 21:09:52,249 [INFO ]  user is able to enter text in xpath //input[@id='loginusername'] 
2024-07-15 21:09:53,225 [INFO ]  user is able to enter text in xpath //input[@id='loginpassword'] 
2024-07-15 21:09:53,876 [INFO ]  user is able to  click on xpath //button[normalize-space()='Log in'] 
2024-07-15 21:09:56,902 [INFO ]  user is able to get text Wrong password. from alert
2024-07-15 21:09:56,907 [INFO ]  user is abe to verify text Wrong password. form alert
2024-07-15 21:09:56,917 [INFO ]  User is able to accept alert popup
2024-07-15 21:09:57,728 [INFO ]  user is able to  click on xpath //div[@id='logInModal']//button[@type='button'][normalize-space()='Close'] 
2024-07-15 21:09:58,361 [INFO ]  user ia able to see the element on DOM with xpath //a[contains(.,'Log in')]
2024-07-15 21:09:59,034 [INFO ]  user is able to  click on xpath //a[contains(.,'Log in')] 
2024-07-15 21:10:00,573 [INFO ]  user is able to enter text in xpath //input[@id='loginusername'] 
2024-07-15 21:10:01,565 [INFO ]  user is able to enter text in xpath //input[@id='loginpassword'] 
2024-07-15 21:10:02,299 [INFO ]  user is able to  click on xpath //button[normalize-space()='Log in'] 
2024-07-15 21:10:13,403 [INFO ]  user ia able to see the element on DOM with xpath //a[contains(.,'test_userifi')]
2024-07-15 21:10:14,303 [INFO ]  user is able to  click on xpath //a[contains(.,'Phones')] 
2024-07-15 21:10:15,973 [INFO ]  user ia able to see the element on DOM with xpath //a[contains(.,'Samsung galaxy s6')]
2024-07-15 21:10:16,604 [INFO ]  user ia able to see the element on DOM with xpath //a[contains(.,'Nokia lumia 1520')]
2024-07-15 21:10:17,233 [INFO ]  user ia able to see the element on DOM with xpath //a[contains(.,'Nexus 6')]
2024-07-15 21:10:18,035 [INFO ]  user is able to  click on xpath //a[contains(.,'Laptops')] 
2024-07-15 21:10:19,637 [INFO ]  user ia able to see the element on DOM with xpath //a[contains(.,'Sony vaio i5')]
2024-07-15 21:10:20,270 [INFO ]  user ia able to see the element on DOM with xpath //a[contains(.,'Sony vaio i7')]
2024-07-15 21:10:20,900 [INFO ]  user ia able to see the element on DOM with xpath //a[contains(.,'MacBook air')]
2024-07-15 21:10:21,692 [INFO ]  user is able to  click on xpath //a[contains(.,'Monitors')] 
2024-07-15 21:10:23,346 [INFO ]  user ia able to see the element on DOM with xpath //a[contains(.,'Apple monitor 24')]
2024-07-15 21:10:23,935 [INFO ]  user ia able to see the element on DOM with xpath //a[contains(.,'ASUS Full HD')]
2024-07-15 21:10:24,594 [INFO ]  user ia able to see the element on DOM with xpath //a[contains(.,'Home')]
2024-07-15 21:10:26,174 [INFO ]  user is able to  click on xpath //a[contains(.,'Home')] 
2024-07-15 21:10:26,593 [INFO ]  user is able to move to element having xpath //p[contains(.,'Copyright © Product Store 2017')]
2024-07-15 21:10:27,270 [INFO ]  user is able to  click on xpath //button[@id='next2'] 
2024-07-15 21:10:30,354 [INFO ]  user is able to get text from xpath //div[@id='tbodyid']/div[last()]/div/div/h4/a
2024-07-15 21:10:31,801 [INFO ]  user is able to  click on xpath //div[@id='tbodyid']/div[last()]/div/div/h4/a 
2024-07-15 21:10:33,243 [INFO ]  user is able to  click on xpath //a[normalize-space()='Add to cart'] 
2024-07-15 21:10:36,246 [INFO ]  user is able to get text Product added. from alert
2024-07-15 21:10:36,264 [INFO ]  User is able to accept alert popup
2024-07-15 21:10:36,910 [INFO ]  user ia able to see the element on DOM with xpath //a[contains(.,'Cart')]
2024-07-15 21:10:38,456 [INFO ]  user is able to  click on xpath //a[contains(.,'Cart')] 
2024-07-15 21:10:42,083 [INFO ]  user ia able to see the element on DOM with xpath //tbody[@id='tbodyid']/tr/td[contains(.,'MacBook Pro')]
2024-07-15 21:10:42,820 [INFO ]  user is able to  click on xpath //button[normalize-space()='Place Order'] 
2024-07-15 21:10:44,533 [INFO ]  user is able to enter text in xpath //input[@id='name'] 
2024-07-15 21:10:45,641 [INFO ]  user is able to enter text in xpath //input[@id='country'] 
2024-07-15 21:10:46,539 [INFO ]  user is able to enter text in xpath //input[@id='city'] 
2024-07-15 21:10:47,543 [INFO ]  user is able to enter text in xpath //input[@id='card'] 
2024-07-15 21:10:48,607 [INFO ]  user is able to enter text in xpath //input[@id='month'] 
2024-07-15 21:10:49,659 [INFO ]  user is able to enter text in xpath //input[@id='year'] 
2024-07-15 21:10:50,528 [INFO ]  user is able to  click on xpath //button[normalize-space()='Purchase'] 
2024-07-15 21:10:51,129 [INFO ]  user ia able to see the element on DOM with xpath //h2[contains(.,'Thank you for your purchase')]
2024-07-15 21:10:52,831 [INFO ]  user is able to  click on xpath //button[normalize-space()='OK'] 
2024-07-15 21:10:53,445 [INFO ]  user ia able to see the element on DOM with xpath //a[contains(.,'Cart')]
2024-07-15 21:10:55,005 [INFO ]  user is able to  click on xpath //a[contains(.,'Cart')] 
2024-07-15 21:10:55,779 [INFO ]  user is able to  click on xpath //button[normalize-space()='Place Order'] 
2024-07-15 21:10:57,498 [INFO ]  user is able to enter text in xpath //input[@id='name'] 
2024-07-15 21:10:58,597 [INFO ]  user is able to enter text in xpath //input[@id='country'] 
2024-07-15 21:10:59,615 [INFO ]  user is able to enter text in xpath //input[@id='city'] 
2024-07-15 21:11:00,663 [INFO ]  user is able to enter text in xpath //input[@id='card'] 
2024-07-15 21:11:01,723 [INFO ]  user is able to enter text in xpath //input[@id='month'] 
2024-07-15 21:11:02,813 [INFO ]  user is able to enter text in xpath //input[@id='year'] 
2024-07-15 21:11:03,619 [INFO ]  user is able to  click on xpath //button[normalize-space()='Purchase'] 
2024-07-15 21:11:04,213 [INFO ]  user ia able to see the element on DOM with xpath //h2[contains(.,'Thank you for your purchase')]
2024-07-15 21:11:15,728 [INFO ]  user ia able to see the element on DOM with xpath //a[contains(.,'Log in')]
2024-07-15 21:11:16,591 [INFO ]  user is able to  click on xpath //a[contains(.,'Log in')] 
2024-07-15 21:11:18,334 [INFO ]  user is able to enter text in xpath //input[@id='loginusername'] 
2024-07-15 21:11:19,467 [INFO ]  user is able to enter text in xpath //input[@id='loginpassword'] 
2024-07-15 21:11:20,130 [INFO ]  user is able to  click on xpath //button[normalize-space()='Log in'] 
2024-07-15 21:11:30,826 [INFO ]  user ia able to see the element on DOM with xpath //a[contains(.,'test_userifi')]
2024-07-15 21:11:31,463 [INFO ]  user ia able to see the element on DOM with xpath //a[contains(.,'Log out')]
2024-07-15 21:11:33,104 [INFO ]  user is able to  click on xpath //a[contains(.,'Log out')] 
2024-07-15 21:11:33,713 [INFO ]  user ia able to see the element on DOM with xpath //a[@id='login2']
